<?xml version="1.0" encoding="UTF-8"?>
<!-- Generated by org.testng.reporters.JUnitReportReporter -->
<testsuite skipped="0" hostname="DESKTOP-KMQCVAG" name="com.mockaroo.Solution2" tests="5" failures="0" timestamp="02 Jul 2018 16:40:05 GMT" time="9.106" errors="0">
  <testcase name="verifyTitle" time="0.264" classname="com.mockaroo.Solution2"/>
  <testcase name="generateData" time="0.571" classname="com.mockaroo.Solution2"/>
  <testcase name="verifyTagsName" time="0.349" classname="com.mockaroo.Solution2"/>
  <testcase name="createRows" time="5.852" classname="com.mockaroo.Solution2"/>
  <testcase name="readCsvFile" time="2.070" classname="com.mockaroo.Solution2"/>
</testsuite> <!-- com.mockaroo.Solution2 -->
