<?xml version="1.0" encoding="UTF-8"?>
<!-- Generated by org.testng.reporters.JUnitReportReporter -->
<testsuite skipped="0" hostname="DESKTOP-KMQCVAG" name="com.mockaroo.MockarooDataValidation" tests="5" failures="0" timestamp="02 Jul 2018 18:04:37 GMT" time="9.409" errors="0">
  <testcase name="verifyTitle" time="0.339" classname="com.mockaroo.MockarooDataValidation"/>
  <testcase name="generateData" time="0.582" classname="com.mockaroo.MockarooDataValidation"/>
  <testcase name="verifyTagsName" time="0.347" classname="com.mockaroo.MockarooDataValidation"/>
  <testcase name="createRows" time="6.078" classname="com.mockaroo.MockarooDataValidation"/>
  <testcase name="readCsvFile" time="2.063" classname="com.mockaroo.MockarooDataValidation"/>
</testsuite> <!-- com.mockaroo.MockarooDataValidation -->
